<?xml version="1.0" encoding="UTF-8"?>
<testsuite name="com.patterns.structural.facade.HomeTheaterFacadeTest" tests="4" skipped="0" failures="0" errors="0" timestamp="2025-06-14T06:52:16" hostname="LAPTOP-TPDVFO1S" time="0.103">
  <properties/>
  <testcase name="watchMovie_orchestratesSubsystemComponentsCorrectly()" classname="com.patterns.structural.facade.HomeTheaterFacadeTest" time="0.092"/>
  <testcase name="listenToMusic_orchestratesSubsystemCorrectly()" classname="com.patterns.structural.facade.HomeTheaterFacadeTest" time="0.003"/>
  <testcase name="endMusic_orchestratesSubsystemCorrectly()" classname="com.patterns.structural.facade.HomeTheaterFacadeTest" time="0.003"/>
  <testcase name="endMovie_orchestratesSubsystemComponentsCorrectly()" classname="com.patterns.structural.facade.HomeTheaterFacadeTest" time="0.004"/>
  <system-out><![CDATA[HomeTheaterFacade configured and ready.

Get ready to watch a movie...
HomeTheaterFacade configured and ready.

Get ready for some music...
HomeTheaterFacade configured and ready.

Turning off music...
HomeTheaterFacade configured and ready.

Shutting movie theater down...
]]></system-out>
  <system-err><![CDATA[]]></system-err>
</testsuite>
