<?xml version="1.0" encoding="UTF-8"?>
<testsuite name="com.patterns.behavioral.command.LightTest" tests="2" skipped="0" failures="0" errors="0" timestamp="2025-06-14T06:52:15" hostname="LAPTOP-TPDVFO1S" time="0.003">
  <properties/>
  <testcase name="on_turnsLightOn()" classname="com.patterns.behavioral.command.LightTest" time="0.001"/>
  <testcase name="off_turnsLightOff()" classname="com.patterns.behavioral.command.LightTest" time="0.001"/>
  <system-out><![CDATA[Test Room light is ON
Test Room light is ON
Test Room light is OFF
]]></system-out>
  <system-err><![CDATA[]]></system-err>
</testsuite>
