<?xml version="1.0" encoding="UTF-8"?>
<testsuite name="com.patterns.structural.decorator.SimpleCoffeeTest" tests="2" skipped="0" failures="0" errors="0" timestamp="2025-06-14T06:52:16" hostname="LAPTOP-TPDVFO1S" time="0.0">
  <properties/>
  <testcase name="getCost_returnsCorrectCost()" classname="com.patterns.structural.decorator.SimpleCoffeeTest" time="0.0"/>
  <testcase name="getDescription_returnsCorrectDescription()" classname="com.patterns.structural.decorator.SimpleCoffeeTest" time="0.0"/>
  <system-out><![CDATA[]]></system-out>
  <system-err><![CDATA[]]></system-err>
</testsuite>
