<?xml version="1.0" encoding="UTF-8"?>
<testsuite name="com.solid.srp.EmployeeTest" tests="4" skipped="0" failures="0" errors="0" timestamp="2025-06-14T06:52:22" hostname="LAPTOP-TPDVFO1S" time="0.005">
  <properties/>
  <testcase name="testSetNegativeHoursWorkedThrowsException()" classname="com.solid.srp.EmployeeTest" time="0.001"/>
  <testcase name="testInvalidConstructorArgs()" classname="com.solid.srp.EmployeeTest" time="0.002"/>
  <testcase name="testSetHoursWorked()" classname="com.solid.srp.EmployeeTest" time="0.0"/>
  <testcase name="testEmployeeCreationAndGetters()" classname="com.solid.srp.EmployeeTest" time="0.001"/>
  <system-out><![CDATA[]]></system-out>
  <system-err><![CDATA[]]></system-err>
</testsuite>
