<?xml version="1.0" encoding="UTF-8"?>
<testsuite name="com.solid.ocp.CircleTest" tests="2" skipped="0" failures="0" errors="0" timestamp="2025-06-14T06:52:22" hostname="LAPTOP-TPDVFO1S" time="0.002">
  <properties/>
  <testcase name="testInvalidRadiusThrowsException()" classname="com.solid.ocp.CircleTest" time="0.002"/>
  <testcase name="testCalculateArea()" classname="com.solid.ocp.CircleTest" time="0.0"/>
  <system-out><![CDATA[]]></system-out>
  <system-err><![CDATA[]]></system-err>
</testsuite>
