<?xml version="1.0" encoding="UTF-8"?>
<testsuite name="com.patterns.structural.adapter.LegacyLogWriterTest" tests="2" skipped="0" failures="0" errors="0" timestamp="2025-06-14T06:52:16" hostname="LAPTOP-TPDVFO1S" time="0.004">
  <properties/>
  <testcase name="writeCriticalError_formatsCorrectly()" classname="com.patterns.structural.adapter.LegacyLogWriterTest" time="0.003"/>
  <testcase name="writeLogEntry_formatsCorrectly()" classname="com.patterns.structural.adapter.LegacyLogWriterTest" time="0.001"/>
  <system-out><![CDATA[]]></system-out>
  <system-err><![CDATA[]]></system-err>
</testsuite>
