<?xml version="1.0" encoding="UTF-8"?>
<testsuite name="com.patterns.creational.builder.gof.GamingPCBuilderTest" tests="6" skipped="0" failures="0" errors="0" timestamp="2025-06-14T06:52:16" hostname="LAPTOP-TPDVFO1S" time="0.006">
  <properties/>
  <testcase name="buildCpu_withNull_setsDefault()" classname="com.patterns.creational.builder.gof.GamingPCBuilderTest" time="0.001"/>
  <testcase name="reset_createsNewComputerInstance()" classname="com.patterns.creational.builder.gof.GamingPCBuilderTest" time="0.002"/>
  <testcase name="buildAllParts_createsCompleteComputer()" classname="com.patterns.creational.builder.gof.GamingPCBuilderTest" time="0.0"/>
  <testcase name="getResult_returnsConstructedComputer()" classname="com.patterns.creational.builder.gof.GamingPCBuilderTest" time="0.0"/>
  <testcase name="buildRam_setsRam()" classname="com.patterns.creational.builder.gof.GamingPCBuilderTest" time="0.001"/>
  <testcase name="buildCpu_setsCpu()" classname="com.patterns.creational.builder.gof.GamingPCBuilderTest" time="0.0"/>
  <system-out><![CDATA[]]></system-out>
  <system-err><![CDATA[]]></system-err>
</testsuite>
