<?xml version="1.0" encoding="UTF-8"?>
<testsuite name="com.patterns.creational.builder.gof.ComputerDirectorTest" tests="3" skipped="0" failures="0" errors="0" timestamp="2025-06-14T06:52:16" hostname="LAPTOP-TPDVFO1S" time="0.059">
  <properties/>
  <testcase name="constructGamingPC_callsBuilderMethodsInOrder()" classname="com.patterns.creational.builder.gof.ComputerDirectorTest" time="0.051"/>
  <testcase name="constructOfficePC_callsBuilderMethodsInOrder()" classname="com.patterns.creational.builder.gof.ComputerDirectorTest" time="0.003"/>
  <testcase name="construct_whenBuilderNotSet_throwsIllegalStateException()" classname="com.patterns.creational.builder.gof.ComputerDirectorTest" time="0.003"/>
  <system-out><![CDATA[]]></system-out>
  <system-err><![CDATA[]]></system-err>
</testsuite>
