<?xml version="1.0" encoding="UTF-8"?>
<testsuite name="com.patterns.creational.prototype.CircleTest" tests="2" skipped="0" failures="0" errors="0" timestamp="2025-06-14T06:52:16" hostname="LAPTOP-TPDVFO1S" time="0.003">
  <properties/>
  <testcase name="clone_createsDistinctObjectWithSameProperties()" classname="com.patterns.creational.prototype.CircleTest" time="0.002"/>
  <testcase name="clone_modifyingCloneDoesNotAffectOriginal()" classname="com.patterns.creational.prototype.CircleTest" time="0.0"/>
  <system-out><![CDATA[]]></system-out>
  <system-err><![CDATA[]]></system-err>
</testsuite>
