<?xml version="1.0" encoding="UTF-8"?>
<testsuite name="com.patterns.creational.abstractfactory.WindowsGUIFactoryTest" tests="2" skipped="0" failures="0" errors="0" timestamp="2025-06-14T06:52:16" hostname="LAPTOP-TPDVFO1S" time="0.004">
  <properties/>
  <testcase name="createButton_shouldReturnWindowsButton()" classname="com.patterns.creational.abstractfactory.WindowsGUIFactoryTest" time="0.002"/>
  <testcase name="createTextField_shouldReturnWindowsTextField()" classname="com.patterns.creational.abstractfactory.WindowsGUIFactoryTest" time="0.001"/>
  <system-out><![CDATA[]]></system-out>
  <system-err><![CDATA[]]></system-err>
</testsuite>
