<?xml version="1.0" encoding="UTF-8"?>
<testsuite name="com.solid.lsp.SparrowTest" tests="2" skipped="0" failures="0" errors="0" timestamp="2025-06-14T06:52:22" hostname="LAPTOP-TPDVFO1S" time="0.0">
  <properties/>
  <testcase name="sparrowCanEat()" classname="com.solid.lsp.SparrowTest" time="0.0"/>
  <testcase name="sparrowCanFly()" classname="com.solid.lsp.SparrowTest" time="0.0"/>
  <system-out><![CDATA[]]></system-out>
  <system-err><![CDATA[]]></system-err>
</testsuite>
