<?xml version="1.0" encoding="UTF-8"?>
<testsuite name="com.patterns.behavioral.chain.ApprovalWorkflowTest" tests="6" skipped="0" failures="0" errors="0" timestamp="2025-06-14T06:52:15" hostname="LAPTOP-TPDVFO1S" time="0.028">
  <properties/>
  <testcase name="requestApprovedByManager()" classname="com.patterns.behavioral.chain.ApprovalWorkflowTest" time="0.012"/>
  <testcase name="requestApprovedByDirector_whenManagerCannotApprove()" classname="com.patterns.behavioral.chain.ApprovalWorkflowTest" time="0.003"/>
  <testcase name="requestApprovedByVP_whenDirectorCannotApprove()" classname="com.patterns.behavioral.chain.ApprovalWorkflowTest" time="0.002"/>
  <testcase name="requestNotApproved_ifNoOneCanApprove_andVpHasLimit()" classname="com.patterns.behavioral.chain.ApprovalWorkflowTest" time="0.003"/>
  <testcase name="requestPassedAlongChainCorrectly()" classname="com.patterns.behavioral.chain.ApprovalWorkflowTest" time="0.002"/>
  <testcase name="requestApprovedByVP_forVeryLargeAmount()" classname="com.patterns.behavioral.chain.ApprovalWorkflowTest" time="0.001"/>
  <system-out><![CDATA[TestManager (Manager) approved request #1 for amount 500.00.
TestManager cannot approve. Passing to TestDirector...
TestDirector (Director) approved request #2 for amount 2500.00.
TestManager cannot approve. Passing to TestDirector...
TestDirector cannot approve. Passing to TestVP...
TestVP (Vice President) approved request #3 for amount 10000.00.
M cannot approve. Passing to D...
D cannot approve. Passing to LimitedVP...
LimitedVP cannot approve. End of this test chain.
TestManager cannot approve. Passing to TestDirector...
TestDirector (Director) approved request #6 for amount 1001.00.
TestManager cannot approve. Passing to TestDirector...
TestDirector cannot approve. Passing to TestVP...
TestVP (Vice President) approved request #7 for amount 5001.00.
TestManager cannot approve. Passing to TestDirector...
TestDirector cannot approve. Passing to TestVP...
TestVP (Vice President) approved request #4 for amount 100000.00.
]]></system-out>
  <system-err><![CDATA[]]></system-err>
</testsuite>
