<?xml version="1.0" encoding="UTF-8"?>
<testsuite name="com.solid.dip.EmailSenderTest" tests="1" skipped="0" failures="0" errors="0" timestamp="2025-06-14T06:52:22" hostname="LAPTOP-TPDVFO1S" time="0.005">
  <properties/>
  <testcase name="sendMessage_printsCorrectEmailFormat()" classname="com.solid.dip.EmailSenderTest" time="0.005"/>
  <system-out><![CDATA[]]></system-out>
  <system-err><![CDATA[]]></system-err>
</testsuite>
