<?xml version="1.0" encoding="UTF-8"?>
<testsuite name="com.patterns.structural.decorator.CoffeeDecoratorTest" tests="6" skipped="0" failures="0" errors="0" timestamp="2025-06-14T06:52:16" hostname="LAPTOP-TPDVFO1S" time="0.009">
  <properties/>
  <testcase name="whippedCreamDecorator_addsToDescriptionAndCost()" classname="com.patterns.structural.decorator.CoffeeDecoratorTest" time="0.001"/>
  <testcase name="decorator_withNullCoffee_throwsIllegalArgumentException()" classname="com.patterns.structural.decorator.CoffeeDecoratorTest" time="0.001"/>
  <testcase name="decoratorOrderMattersForDescription_butNotForCostSum()" classname="com.patterns.structural.decorator.CoffeeDecoratorTest" time="0.002"/>
  <testcase name="multipleDecorators_accumulateDescriptionAndCost()" classname="com.patterns.structural.decorator.CoffeeDecoratorTest" time="0.0"/>
  <testcase name="sugarDecorator_addsToDescriptionAndCost()" classname="com.patterns.structural.decorator.CoffeeDecoratorTest" time="0.001"/>
  <testcase name="milkDecorator_addsToDescriptionAndCost()" classname="com.patterns.structural.decorator.CoffeeDecoratorTest" time="0.001"/>
  <system-out><![CDATA[]]></system-out>
  <system-err><![CDATA[]]></system-err>
</testsuite>
